<?xml version="1.0" encoding="UTF-8"?>
<testsuite xmlns:xsi="http://www.w3.org/2001/XMLSchema-instance" xsi:noNamespaceSchemaLocation="https://maven.apache.org/surefire/maven-surefire-plugin/xsd/surefire-test-report-3.0.xsd" version="3.0" name="com.azure.azureapp.AzureAppApplicationTests" time="3.572" tests="1" errors="0" skipped="0" failures="0">
  <properties>
[...]
</properties>
  <testcase name="contextLoads" classname="com.azure.azureapp.AzureAppApplicationTests" time="1.123">
    <system-out><![CDATA[11:36:05.751 [main] INFO org.springframework.test.context.support.AnnotationConfigContextLoaderUtils -- Could not detect default configuration classes for test class [com.azure.azureapp.AzureAppApplicationTests]: AzureAppApplicationTests does not declare any static, non-private, non-final, nested classes annotated with @Configuration.
11:36:05.889 [main] INFO org.springframework.boot.test.context.SpringBootTestContextBootstrapper -- Found @SpringBootConfiguration com.azure.azureapp.AzureAppApplication for test class com.azure.azureapp.AzureAppApplicationTests

  .   ____          _            __ _ _
 /\\ / ___'_ __ _ _(_)_ __  __ _ \ \ \ \
( ( )\___ | '_ | '_| | '_ \/ _` | \ \ \ \
 \\/  ___)| |_)| | | | | || (_| |  ) ) ) )
  '  |____| .__|_| |_|_| |_\__, | / / / /
 =========|_|==============|___/=/_/_/_/
 :: Spring Boot ::                (v3.2.2)

2024-02-27T11:36:06.423+05:30  INFO 15388 --- [           main] c.a.azureapp.AzureAppApplicationTests    : Starting AzureAppApplicationTests using Java 17.0.7 with PID 15388 (started by Lovedeep in C:\work\azure\azure-app)
2024-02-27T11:36:06.426+05:30  INFO 15388 --- [           main] c.a.azureapp.AzureAppApplicationTests    : No active profile set, falling back to 1 default profile: "default"
2024-02-27T11:36:07.940+05:30  INFO 15388 --- [           main] c.a.azureapp.AzureAppApplicationTests    : Started AzureAppApplicationTests in 1.885 seconds (process running for 3.222)
]]></system-out>
  </testcase>
</testsuite>